JvmtiExport can_access_local_variables 0
JvmtiExport can_hotswap_or_post_breakpoint 0
JvmtiExport can_post_on_exceptions 0
# 130 ciObject found
ciMethod com/sun/org/apache/xerces/internal/dom/DeferredDocumentImpl getLastChild (I)I 4097 1 31933 0 -1
ciMethod com/sun/org/apache/xerces/internal/dom/DeferredDocumentImpl getPrevSibling (I)I 4097 1 43051 0 -1
ciMethod com/sun/org/apache/xerces/internal/dom/DeferredDocumentImpl getNodeObject (I)Lcom/sun/org/apache/xerces/internal/dom/DeferredNode; 4097 1 16783 0 -1
ciMethod com/sun/org/apache/xerces/internal/dom/DeferredDocumentImpl synchronizeChildren (Lcom/sun/org/apache/xerces/internal/dom/ParentNode;I)V 2665 32769 7779 0 0
ciMethod com/sun/org/apache/xerces/internal/dom/DocumentImpl setMutationEvents (Z)V 4097 1 32605 0 -1
ciMethod com/sun/org/apache/xerces/internal/dom/DocumentImpl getMutationEvents ()Z 10897 1 1362 0 -1
ciMethod com/sun/org/apache/xerces/internal/dom/ParentNode ownerDocument ()Lcom/sun/org/apache/xerces/internal/dom/CoreDocumentImpl; 1809 1 226 0 0
ciMethod com/sun/org/apache/xerces/internal/dom/ParentNode getChildNodes ()Lorg/w3c/dom/NodeList; 4097 1 26402 0 -1
ciMethod com/sun/org/apache/xerces/internal/dom/ParentNode lastChild (Lcom/sun/org/apache/xerces/internal/dom/ChildNode;)V 2057 1 5398 0 -1
ciMethod com/sun/org/apache/xerces/internal/dom/ParentNode synchronizeChildren ()V 0 0 1 0 -1
ciMethod com/sun/org/apache/xerces/internal/dom/NodeImpl needsSyncChildren ()Z 4097 1 89112 0 64
ciMethod com/sun/org/apache/xerces/internal/dom/NodeImpl needsSyncChildren (Z)V 3793 1 32886 0 -1
ciMethod com/sun/org/apache/xerces/internal/dom/NodeImpl isOwned (Z)V 4097 1 48001 0 -1
ciMethod com/sun/org/apache/xerces/internal/dom/NodeImpl isFirstChild (Z)V 17 1 11106 0 -1
ciMethodData com/sun/org/apache/xerces/internal/dom/NodeImpl needsSyncChildren ()Z 2 89112 orig 264 248 210 62 11 1 0 0 0 208 80 177 37 1 0 0 0 88 1 0 0 0 0 0 0 0 0 0 0 0 0 0 0 0 0 0 0 0 0 0 0 0 0 0 0 0 0 0 0 0 0 0 0 0 0 0 0 0 0 0 0 0 0 0 0 0 0 0 0 0 0 0 0 0 0 0 0 0 0 0 0 77 68 79 32 101 120 116 114 97 32 100 97 116 97 32 108 111 99 107 0 0 0 0 0 0 0 0 0 0 0 0 0 0 0 0 0 0 0 0 0 0 0 0 0 0 0 0 0 0 0 0 0 0 0 0 0 0 0 0 0 0 0 0 0 0 0 0 0 0 0 0 0 0 0 0 0 0 0 0 0 0 0 0 0 0 0 0 0 0 0 0 0 0 0 0 0 0 0 0 0 0 0 0 0 0 0 0 0 0 0 0 0 0 0 0 0 0 0 0 0 0 0 0 0 0 0 0 0 0 0 0 0 0 0 0 0 0 2 0 0 193 208 10 0 1 0 0 0 0 0 0 0 0 0 0 0 2 0 0 0 0 0 6 0 2 0 0 0 56 0 0 0 255 255 255 255 7 0 6 0 0 0 0 0 data 7 0x60007 0x118fe 0x38 0x411a 0xa0003 0x411a 0x18 oops 0
ciMethod com/sun/org/apache/xerces/internal/dom/DeferredElementNSImpl synchronizeChildren ()V 4097 1 7778 0 0
ciMethodData com/sun/org/apache/xerces/internal/dom/ParentNode getChildNodes ()Lorg/w3c/dom/NodeList; 2 26402 orig 264 248 210 62 11 1 0 0 0 232 210 176 37 1 0 0 0 200 1 0 0 0 0 0 0 0 0 0 0 0 0 0 0 0 0 0 0 0 0 0 0 0 0 0 0 0 0 0 0 0 0 0 0 0 0 0 0 0 0 0 0 0 0 0 0 0 0 0 0 0 0 0 0 0 0 0 0 0 0 0 0 77 68 79 32 101 120 116 114 97 32 100 97 116 97 32 108 111 99 107 0 0 0 0 0 0 0 0 0 0 0 0 0 0 0 0 0 0 0 0 0 0 0 0 0 0 0 0 0 0 0 0 0 0 0 0 0 0 0 0 0 0 0 0 0 0 0 0 0 0 0 0 0 0 0 0 0 0 0 0 0 0 0 0 0 0 0 0 0 0 0 0 0 0 0 0 0 0 0 0 0 0 0 0 0 0 0 0 0 0 0 0 0 0 0 0 0 0 0 0 0 0 0 0 0 0 0 0 0 0 0 0 0 0 0 0 0 0 2 0 0 17 41 3 0 1 0 0 0 0 0 0 0 0 0 0 0 2 0 0 0 0 0 10 0 2 0 0 0 128 0 0 0 255 255 255 255 5 0 1 0 0 0 0 0 data 16 0x10005 0x2001 0x7ff1f41a4530 0x5f7 0x7ff1f41a45e0 0x3f2a 0x40007 0x46c6 0x50 0x1e5c 0x80005 0x0 0x7ff1f41a4690 0x1e5c 0x0 0x0 oops 3 2 com/sun/org/apache/xerces/internal/dom/ElementNSImpl 4 com/sun/org/apache/xerces/internal/dom/ElementImpl 12 com/sun/org/apache/xerces/internal/dom/DeferredElementNSImpl
ciMethodData com/sun/org/apache/xerces/internal/dom/DeferredDocumentImpl synchronizeChildren (Lcom/sun/org/apache/xerces/internal/dom/ParentNode;I)V 0 0 orig 264 248 210 62 11 1 0 0 0 56 173 175 37 1 0 0 0 248 3 0 0 64 2 0 0 0 0 0 0 0 0 0 0 0 0 0 0 0 0 0 0 0 0 0 0 0 0 0 0 0 0 0 0 0 0 0 0 0 0 0 0 0 0 0 0 0 0 0 0 0 0 0 0 0 0 0 0 0 0 0 0 77 68 79 32 101 120 116 114 97 32 100 97 116 97 32 108 111 99 107 0 0 0 0 0 0 0 0 0 0 0 0 0 0 0 0 0 0 0 0 0 0 0 0 0 0 0 0 0 0 0 0 0 0 0 0 0 0 0 0 0 0 0 0 0 0 0 0 0 0 0 0 0 0 0 0 0 0 0 0 0 0 0 0 0 0 0 0 0 0 0 0 0 0 0 0 0 0 0 0 0 0 0 0 0 0 0 0 0 0 0 0 0 0 0 0 0 0 0 0 0 0 0 0 0 0 0 0 0 0 0 0 0 0 0 0 0 0 16 0 0 177 232 0 0 65 157 1 0 0 0 0 0 0 0 0 0 2 0 0 0 1 0 24 0 2 0 0 0 160 2 0 0 255 255 255 255 5 0 1 0 0 0 0 0 data 84 0x10005 0x0 0x7ff1f41a8640 0x1d16 0x0 0x0 0x70005 0x0 0x7ff1f41a8640 0x1d16 0x0 0x0 0xc0005 0x44 0x7ff1f41a4690 0x1cd2 0x0 0x0 0x170005 0x0 0x7ff1f41a8640 0x1d16 0x0 0x0 0x1f0007 0x1d16 0x130 0x3344 0x250005 0x0 0x7ff1f41a8640 0x3344 0x0 0x0 0x280004 0x0 0x7ff1f5013fe0 0x1dd4 0x80000007c087ac78 0xb76 0x2f0007 0x1efe 0x38 0x1446 0x360003 0x1446 0x8000000000000018 0x490005 0x3b7 0x7c087ac78 0x12b5 0x7c0694c98 0x1cd8 0x5a0005 0x0 0x7c0691428 0x3344 0x0 0x0 0x5f0003 0x3344 0xfffffffffffffee8 0x640007 0x8d0 0x80 0x1446 0x700005 0x36 0x7c087ac78 0x79 0x7c0694c98 0x1397 0x760005 0x36 0x7c087ac78 0x1410 0x0 0x0 0x7b0005 0x0 0x7c0691428 0x1d16 0x0 0x0 oops 14 2 com/sun/org/apache/xerces/internal/dom/DeferredDocumentImpl 8 com/sun/org/apache/xerces/internal/dom/DeferredDocumentImpl 14 com/sun/org/apache/xerces/internal/dom/DeferredElementNSImpl 20 com/sun/org/apache/xerces/internal/dom/DeferredDocumentImpl 30 com/sun/org/apache/xerces/internal/dom/DeferredDocumentImpl 36 com/sun/org/apache/xerces/internal/dom/DeferredTextImpl